{
    "total": 4,
    "subtotal": 4,
    "selectable": 4,
    "page": 1,
    "per_page": 50,
    "error": null,
    "search": null,
    "sort": {
        "by": "version",
        "order": "desc"
    },
    "results": [
        {
            "version": "14.0",
            "major": 14,
            "minor": 0,
            "composite_content_view_ids": [],
            "published_in_composite_content_view_ids": [
                15,
                20
            ],
            "content_view_id": 4,
            "default": false,
            "description": "",
            "id": 139,
            "name": "RHEL8_CV 14.0",
            "created_at": "2024-08-12 14:31:37 -0500",
            "updated_at": "2024-08-12 14:53:16 -0500",
            "content_view": {
                "id": 4,
                "name": "RHEL8_CV",
                "label": "RHEL8_CV",
                "generated_for": "none"
            },
            "composite_content_views": [],
            "composite_content_view_versions": [
                {
                    "id": 146,
                    "content_view_id": 15,
                    "version": "7.0"
                },
                {
                    "id": 150,
                    "content_view_id": 20,
                    "version": "13.0"
                }
            ],
            "published_in_composite_content_views": [
                {
                    "id": 15,
                    "name": "RHEL8_CCV",
                    "label": "RHEL8_CCV"
                },
                {
                    "id": 20,
                    "name": "SatelliteCapsule_CCV",
                    "label": "SatelliteCapsule_CCV"
                }
            ],
            "environments": [
                {
                    "id": 1,
                    "name": "Library",
                    "label": "Library",
                    "publish_date": "2 days",
                    "permissions": {
                        "readable": true,
                        "promotable_or_removable": true,
                        "all_hosts_editable": true,
                        "all_keys_editable": true
                    },
                    "host_count": 0,
                    "activation_key_count": 0
                },
                {
                    "id": 3,
                    "name": "general_dev",
                    "label": "general_dev",
                    "publish_date": "2 days",
                    "permissions": {
                        "readable": true,
                        "promotable_or_removable": true,
                        "all_hosts_editable": true,
                        "all_keys_editable": true
                    },
                    "host_count": 0,
                    "activation_key_count": 0
                },
                {
                    "id": 4,
                    "name": "general_test",
                    "label": "general_test",
                    "publish_date": "2 days",
                    "permissions": {
                        "readable": true,
                        "promotable_or_removable": true,
                        "all_hosts_editable": true,
                        "all_keys_editable": true
                    },
                    "host_count": 0,
                    "activation_key_count": 0
                },
                {
                    "id": 5,
                    "name": "general_prod",
                    "label": "general_prod",
                    "publish_date": "2 days",
                    "permissions": {
                        "readable": true,
                        "promotable_or_removable": true,
                        "all_hosts_editable": true,
                        "all_keys_editable": true
                    },
                    "host_count": 0,
                    "activation_key_count": 0
                },
                {
                    "id": 15,
                    "name": "infrastructure",
                    "label": "infrastructure",
                    "publish_date": "2 days",
                    "permissions": {
                        "readable": true,
                        "promotable_or_removable": true,
                        "all_hosts_editable": true,
                        "all_keys_editable": true
                    },
                    "host_count": 0,
                    "activation_key_count": 0
                }
            ],
            "repositories": [
                {
                    "id": 2665,
                    "name": "Red Hat Enterprise Linux 8 for x86_64 - AppStream RPMs 8",
                    "label": "Red_Hat_Enterprise_Linux_8_for_x86_64_-_AppStream_RPMs_8",
                    "content_type": "yum",
                    "library_instance_id": 10,
                    "mirroring_policy": "mirror_complete"
                },
                {
                    "id": 2666,
                    "name": "Red Hat Enterprise Linux 8 for x86_64 - BaseOS RPMs 8",
                    "label": "Red_Hat_Enterprise_Linux_8_for_x86_64_-_BaseOS_RPMs_8",
                    "content_type": "yum",
                    "library_instance_id": 11,
                    "mirroring_policy": "mirror_complete"
                },
                {
                    "id": 2667,
                    "name": "Red Hat Enterprise Linux 8 for x86_64 - Supplementary RPMs 8",
                    "label": "Red_Hat_Enterprise_Linux_8_for_x86_64_-_Supplementary_RPMs_8",
                    "content_type": "yum",
                    "library_instance_id": 12,
                    "mirroring_policy": "mirror_complete"
                },
                {
                    "id": 2669,
                    "name": "Red Hat Enterprise Linux 8 for x86_64 - BaseOS Kickstart 8.10",
                    "label": "Red_Hat_Enterprise_Linux_8_for_x86_64_-_BaseOS_Kickstart_8_10",
                    "content_type": "yum",
                    "library_instance_id": 2582,
                    "mirroring_policy": "mirror_complete"
                },
                {
                    "id": 2668,
                    "name": "Red Hat Enterprise Linux 8 for x86_64 - AppStream Kickstart 8.10",
                    "label": "Red_Hat_Enterprise_Linux_8_for_x86_64_-_AppStream_Kickstart_8_10",
                    "content_type": "yum",
                    "library_instance_id": 2581,
                    "mirroring_policy": "mirror_complete"
                }
            ],
            "last_event": {
                "user": "ruppej",
                "status": "successful",
                "description": null,
                "action": "promotion",
                "created_at": "2024-08-12 14:31:50 -0500",
                "updated_at": "2024-08-12 14:53:15 -0500",
                "environment": {
                    "id": 15,
                    "name": "infrastructure"
                },
                "task": {
                    "id": "c010f88f-3b5b-4363-a4b6-a9386faa38fe",
                    "label": "Actions::Katello::ContentView::Publish",
                    "pending": false,
                    "action": "Publish content view 'RHEL8_CV'; organization 'ConocoPhillips'",
                    "username": "ruppej",
                    "started_at": "2024-08-12 14:31:37 -0500",
                    "ended_at": "2024-08-12 14:53:16 -0500",
                    "state": "stopped",
                    "result": "success",
                    "progress": 1.0,
                    "input": {
                        "content_view": {
                            "id": 4,
                            "name": "RHEL8_CV",
                            "label": "RHEL8_CV"
                        },
                        "organization": {
                            "id": 1,
                            "name": "ConocoPhillips",
                            "label": "ConocoPhillips"
                        },
                        "services_checked": [
                            "pulp3",
                            "candlepin",
                            "candlepin_auth"
                        ],
                        "history_id": 1012,
                        "content_view_id": 4,
                        "auto_publish_composite_ids": [],
                        "content_view_version_name": "RHEL8_CV 14.0",
                        "content_view_version_id": 139,
                        "environment_id": 1,
                        "user_id": 5,
                        "skip_promotion": null,
                        "current_request_id": "92095585-08f5-4b7d-b8bb-74e45dd28886",
                        "current_timezone": "Central Time (US & Canada)",
                        "current_organization_id": 1,
                        "current_location_id": 37,
                        "current_user_id": 5
                    },
                    "output": {
                        "content_view_id": 4,
                        "content_view_version_id": 139,
                        "skip_promotion": null,
                        "history_id": 1012
                    },
                    "humanized": {
                        "action": "Publish",
                        "input": [
                            [
                                "content_view",
                                {
                                    "text": "content view 'RHEL8_CV'",
                                    "link": "/content_views/4/versions"
                                }
                            ],
                            [
                                "organization",
                                {
                                    "text": "organization 'ConocoPhillips'",
                                    "link": "/organizations/1/edit"
                                }
                            ]
                        ],
                        "output": "",
                        "errors": []
                    },
                    "cli_example": null,
                    "start_at": "2024-08-12 14:31:37 -0500",
                    "available_actions": {
                        "cancellable": false,
                        "resumable": false
                    }
                },
                "version": "14.0",
                "publish": false,
                "version_id": 139,
                "triggered_by": null,
                "triggered_by_id": null
            },
            "active_history": [],
            "ansible_collection_count": 0,
            "docker_manifest_count": 0,
            "docker_manifest_list_count": 0,
            "docker_tag_count": 0,
            "file_count": 0,
            "rpm_count": 56615,
            "modulemd_count": 920,
            "erratum_count": 5408,
            "package_group_count": 193,
            "srpm_count": 0,
            "module_stream_count": 920,
            "package_count": 56615,
            "component_view_count": 0,
            "ansible_collection_repository_count": 0,
            "docker_repository_count": 0,
            "file_repository_count": 0,
            "yum_repository_count": 5,
            "errata_counts": {
                "security": 1567,
                "bugfix": 3237,
                "enhancement": 604,
                "total": 5408
            },
            "permissions": {
                "deletable": true
            },
            "filters_applied": false
        },
        {
            "version": "13.0",
            "major": 13,
            "minor": 0,
            "composite_content_view_ids": [],
            "published_in_composite_content_view_ids": [
                20
            ],
            "content_view_id": 4,
            "default": false,
            "description": "",
            "id": 122,
            "name": "RHEL8_CV 13.0",
            "created_at": "2024-07-22 16:22:41 -0500",
            "updated_at": "2024-07-22 16:23:34 -0500",
            "content_view": {
                "id": 4,
                "name": "RHEL8_CV",
                "label": "RHEL8_CV",
                "generated_for": "none"
            },
            "composite_content_views": [],
            "composite_content_view_versions": [
                {
                    "id": 125,
                    "content_view_id": 20,
                    "version": "12.0"
                }
            ],
            "published_in_composite_content_views": [
                {
                    "id": 20,
                    "name": "SatelliteCapsule_CCV",
                    "label": "SatelliteCapsule_CCV"
                }
            ],
            "environments": [],
            "repositories": [
                {
                    "id": 2409,
                    "name": "Red Hat Enterprise Linux 8 for x86_64 - AppStream Kickstart 8.8",
                    "label": "Red_Hat_Enterprise_Linux_8_for_x86_64_-_AppStream_Kickstart_8_8",
                    "content_type": "yum",
                    "library_instance_id": 8,
                    "mirroring_policy": "mirror_complete"
                },
                {
                    "id": 2411,
                    "name": "Red Hat Enterprise Linux 8 for x86_64 - AppStream RPMs 8",
                    "label": "Red_Hat_Enterprise_Linux_8_for_x86_64_-_AppStream_RPMs_8",
                    "content_type": "yum",
                    "library_instance_id": 10,
                    "mirroring_policy": "mirror_complete"
                },
                {
                    "id": 2410,
                    "name": "Red Hat Enterprise Linux 8 for x86_64 - BaseOS Kickstart 8.8",
                    "label": "Red_Hat_Enterprise_Linux_8_for_x86_64_-_BaseOS_Kickstart_8_8",
                    "content_type": "yum",
                    "library_instance_id": 9,
                    "mirroring_policy": "mirror_complete"
                },
                {
                    "id": 2412,
                    "name": "Red Hat Enterprise Linux 8 for x86_64 - BaseOS RPMs 8",
                    "label": "Red_Hat_Enterprise_Linux_8_for_x86_64_-_BaseOS_RPMs_8",
                    "content_type": "yum",
                    "library_instance_id": 11,
                    "mirroring_policy": "mirror_complete"
                },
                {
                    "id": 2413,
                    "name": "Red Hat Enterprise Linux 8 for x86_64 - Supplementary RPMs 8",
                    "label": "Red_Hat_Enterprise_Linux_8_for_x86_64_-_Supplementary_RPMs_8",
                    "content_type": "yum",
                    "library_instance_id": 12,
                    "mirroring_policy": "mirror_complete"
                }
            ],
            "last_event": {
                "user": "ruppej",
                "status": "successful",
                "description": null,
                "action": "promotion",
                "created_at": "2024-07-22 16:22:43 -0500",
                "updated_at": "2024-07-22 16:23:33 -0500",
                "environment": {
                    "id": 15,
                    "name": "infrastructure"
                },
                "task": {
                    "id": "1127c998-bcbc-4e9a-ac4c-361def19f5e5",
                    "label": "Actions::Katello::ContentView::Publish",
                    "pending": false,
                    "action": "Publish content view 'RHEL8_CV'; organization 'ConocoPhillips'",
                    "username": "ruppej",
                    "started_at": "2024-07-22 16:22:40 -0500",
                    "ended_at": "2024-07-22 16:23:34 -0500",
                    "state": "stopped",
                    "result": "success",
                    "progress": 1.0,
                    "input": {
                        "content_view": {
                            "id": 4,
                            "name": "RHEL8_CV",
                            "label": "RHEL8_CV"
                        },
                        "organization": {
                            "id": 1,
                            "name": "ConocoPhillips",
                            "label": "ConocoPhillips"
                        },
                        "services_checked": [
                            "pulp3",
                            "candlepin",
                            "candlepin_auth"
                        ],
                        "history_id": 915,
                        "content_view_id": 4,
                        "auto_publish_composite_ids": [],
                        "content_view_version_name": "RHEL8_CV 13.0",
                        "content_view_version_id": 122,
                        "environment_id": 1,
                        "user_id": 5,
                        "skip_promotion": null,
                        "current_request_id": "43f47adf-3dbf-4b30-858d-57ef4985c30b",
                        "current_timezone": "Central Time (US & Canada)",
                        "current_organization_id": 1,
                        "current_location_id": 37,
                        "current_user_id": 5
                    },
                    "output": {
                        "content_view_id": 4,
                        "content_view_version_id": 122,
                        "skip_promotion": null,
                        "history_id": 915
                    },
                    "humanized": {
                        "action": "Publish",
                        "input": [
                            [
                                "content_view",
                                {
                                    "text": "content view 'RHEL8_CV'",
                                    "link": "/content_views/4/versions"
                                }
                            ],
                            [
                                "organization",
                                {
                                    "text": "organization 'ConocoPhillips'",
                                    "link": "/organizations/1/edit"
                                }
                            ]
                        ],
                        "output": "",
                        "errors": []
                    },
                    "cli_example": null,
                    "start_at": "2024-07-22 16:22:40 -0500",
                    "available_actions": {
                        "cancellable": false,
                        "resumable": false
                    }
                },
                "version": "13.0",
                "publish": false,
                "version_id": 122,
                "triggered_by": null,
                "triggered_by_id": null
            },
            "active_history": [],
            "ansible_collection_count": 0,
            "docker_manifest_count": 0,
            "docker_manifest_list_count": 0,
            "docker_tag_count": 0,
            "file_count": 0,
            "rpm_count": 56570,
            "modulemd_count": 825,
            "erratum_count": 5404,
            "package_group_count": 193,
            "srpm_count": 0,
            "module_stream_count": 825,
            "package_count": 56570,
            "component_view_count": 0,
            "ansible_collection_repository_count": 0,
            "docker_repository_count": 0,
            "file_repository_count": 0,
            "yum_repository_count": 5,
            "errata_counts": {
                "security": 1563,
                "bugfix": 3237,
                "enhancement": 604,
                "total": 5404
            },
            "permissions": {
                "deletable": true
            },
            "filters_applied": false
        },
        {
            "version": "12.0",
            "major": 12,
            "minor": 0,
            "composite_content_view_ids": [],
            "published_in_composite_content_view_ids": [
                15,
                20
            ],
            "content_view_id": 4,
            "default": false,
            "description": "",
            "id": 103,
            "name": "RHEL8_CV 12.0",
            "created_at": "2024-07-09 09:36:01 -0500",
            "updated_at": "2024-07-09 09:36:33 -0500",
            "content_view": {
                "id": 4,
                "name": "RHEL8_CV",
                "label": "RHEL8_CV",
                "generated_for": "none"
            },
            "composite_content_views": [],
            "composite_content_view_versions": [
                {
                    "id": 116,
                    "content_view_id": 15,
                    "version": "6.0"
                },
                {
                    "id": 119,
                    "content_view_id": 20,
                    "version": "11.0"
                }
            ],
            "published_in_composite_content_views": [
                {
                    "id": 15,
                    "name": "RHEL8_CCV",
                    "label": "RHEL8_CCV"
                },
                {
                    "id": 20,
                    "name": "SatelliteCapsule_CCV",
                    "label": "SatelliteCapsule_CCV"
                }
            ],
            "environments": [],
            "repositories": [
                {
                    "id": 2134,
                    "name": "Red Hat Enterprise Linux 8 for x86_64 - Supplementary RPMs 8",
                    "label": "Red_Hat_Enterprise_Linux_8_for_x86_64_-_Supplementary_RPMs_8",
                    "content_type": "yum",
                    "library_instance_id": 12,
                    "mirroring_policy": "mirror_complete"
                },
                {
                    "id": 2130,
                    "name": "Red Hat Enterprise Linux 8 for x86_64 - AppStream Kickstart 8.8",
                    "label": "Red_Hat_Enterprise_Linux_8_for_x86_64_-_AppStream_Kickstart_8_8",
                    "content_type": "yum",
                    "library_instance_id": 8,
                    "mirroring_policy": "mirror_complete"
                },
                {
                    "id": 2133,
                    "name": "Red Hat Enterprise Linux 8 for x86_64 - BaseOS RPMs 8",
                    "label": "Red_Hat_Enterprise_Linux_8_for_x86_64_-_BaseOS_RPMs_8",
                    "content_type": "yum",
                    "library_instance_id": 11,
                    "mirroring_policy": "mirror_complete"
                },
                {
                    "id": 2132,
                    "name": "Red Hat Enterprise Linux 8 for x86_64 - AppStream RPMs 8",
                    "label": "Red_Hat_Enterprise_Linux_8_for_x86_64_-_AppStream_RPMs_8",
                    "content_type": "yum",
                    "library_instance_id": 10,
                    "mirroring_policy": "mirror_complete"
                },
                {
                    "id": 2131,
                    "name": "Red Hat Enterprise Linux 8 for x86_64 - BaseOS Kickstart 8.8",
                    "label": "Red_Hat_Enterprise_Linux_8_for_x86_64_-_BaseOS_Kickstart_8_8",
                    "content_type": "yum",
                    "library_instance_id": 9,
                    "mirroring_policy": "mirror_complete"
                }
            ],
            "last_event": {
                "user": "ruppej",
                "status": "successful",
                "description": null,
                "action": "removal",
                "created_at": "2024-07-22 16:22:17 -0500",
                "updated_at": "2024-07-22 16:22:24 -0500",
                "environment": {
                    "id": 14,
                    "name": "aap_prod"
                },
                "task": {
                    "id": "cde5f735-896c-4063-bc64-c64138f4078a",
                    "label": "Actions::Katello::ContentView::Remove",
                    "pending": false,
                    "action": "Remove Versions and Associations content view 'RHEL8_CV'; organization 'ConocoPhillips'",
                    "username": "ruppej",
                    "started_at": "2024-07-22 16:22:15 -0500",
                    "ended_at": "2024-07-22 16:22:24 -0500",
                    "state": "stopped",
                    "result": "success",
                    "progress": 1.0,
                    "input": {
                        "content_view": {
                            "id": 4,
                            "name": "RHEL8_CV",
                            "label": "RHEL8_CV"
                        },
                        "organization": {
                            "id": 1,
                            "name": "ConocoPhillips",
                            "label": "ConocoPhillips"
                        },
                        "services_checked": [
                            "pulp3",
                            "candlepin",
                            "candlepin_auth"
                        ],
                        "content_view_id": 4,
                        "destroy_content_view": null,
                        "environment_ids": [
                            12,
                            13,
                            14
                        ],
                        "environment_names": [
                            "aap_lab",
                            "aap_dev",
                            "aap_prod"
                        ],
                        "version_ids": [],
                        "content_view_history_ids": [
                            912,
                            913,
                            914
                        ],
                        "current_request_id": "8bc53804-dcd1-4c08-ae7e-d280b75b9e92",
                        "current_timezone": "Central Time (US & Canada)",
                        "current_organization_id": 1,
                        "current_location_id": 37,
                        "current_user_id": 5
                    },
                    "output": {},
                    "humanized": {
                        "action": "Remove Versions and Associations",
                        "input": [
                            [
                                "content_view",
                                {
                                    "text": "content view 'RHEL8_CV'",
                                    "link": "/content_views/4/versions"
                                }
                            ],
                            [
                                "organization",
                                {
                                    "text": "organization 'ConocoPhillips'",
                                    "link": "/organizations/1/edit"
                                }
                            ]
                        ],
                        "output": "",
                        "errors": []
                    },
                    "cli_example": null,
                    "start_at": "2024-07-22 16:22:15 -0500",
                    "available_actions": {
                        "cancellable": false,
                        "resumable": false
                    }
                },
                "version": "12.0",
                "publish": false,
                "version_id": 103,
                "triggered_by": null,
                "triggered_by_id": null
            },
            "active_history": [],
            "ansible_collection_count": 0,
            "docker_manifest_count": 0,
            "docker_manifest_list_count": 0,
            "docker_tag_count": 0,
            "file_count": 0,
            "rpm_count": 56446,
            "modulemd_count": 823,
            "erratum_count": 5392,
            "package_group_count": 193,
            "srpm_count": 0,
            "module_stream_count": 823,
            "package_count": 56446,
            "component_view_count": 0,
            "ansible_collection_repository_count": 0,
            "docker_repository_count": 0,
            "file_repository_count": 0,
            "yum_repository_count": 5,
            "errata_counts": {
                "security": 1551,
                "bugfix": 3237,
                "enhancement": 604,
                "total": 5392
            },
            "permissions": {
                "deletable": true
            },
            "filters_applied": false
        },
        {
            "version": "11.0",
            "major": 11,
            "minor": 0,
            "composite_content_view_ids": [],
            "published_in_composite_content_view_ids": [],
            "content_view_id": 4,
            "default": false,
            "description": "",
            "id": 99,
            "name": "RHEL8_CV 11.0",
            "created_at": "2024-06-27 11:23:50 -0500",
            "updated_at": "2024-06-27 11:24:26 -0500",
            "content_view": {
                "id": 4,
                "name": "RHEL8_CV",
                "label": "RHEL8_CV",
                "generated_for": "none"
            },
            "composite_content_views": [],
            "composite_content_view_versions": [],
            "published_in_composite_content_views": [],
            "environments": [],
            "repositories": [
                {
                    "id": 2080,
                    "name": "Red Hat Enterprise Linux 8 for x86_64 - AppStream Kickstart 8.8",
                    "label": "Red_Hat_Enterprise_Linux_8_for_x86_64_-_AppStream_Kickstart_8_8",
                    "content_type": "yum",
                    "library_instance_id": 8,
                    "mirroring_policy": "mirror_complete"
                },
                {
                    "id": 2082,
                    "name": "Red Hat Enterprise Linux 8 for x86_64 - AppStream RPMs 8",
                    "label": "Red_Hat_Enterprise_Linux_8_for_x86_64_-_AppStream_RPMs_8",
                    "content_type": "yum",
                    "library_instance_id": 10,
                    "mirroring_policy": "mirror_complete"
                },
                {
                    "id": 2083,
                    "name": "Red Hat Enterprise Linux 8 for x86_64 - BaseOS RPMs 8",
                    "label": "Red_Hat_Enterprise_Linux_8_for_x86_64_-_BaseOS_RPMs_8",
                    "content_type": "yum",
                    "library_instance_id": 11,
                    "mirroring_policy": "mirror_complete"
                },
                {
                    "id": 2084,
                    "name": "Red Hat Enterprise Linux 8 for x86_64 - Supplementary RPMs 8",
                    "label": "Red_Hat_Enterprise_Linux_8_for_x86_64_-_Supplementary_RPMs_8",
                    "content_type": "yum",
                    "library_instance_id": 12,
                    "mirroring_policy": "mirror_complete"
                },
                {
                    "id": 2081,
                    "name": "Red Hat Enterprise Linux 8 for x86_64 - BaseOS Kickstart 8.8",
                    "label": "Red_Hat_Enterprise_Linux_8_for_x86_64_-_BaseOS_Kickstart_8_8",
                    "content_type": "yum",
                    "library_instance_id": 9,
                    "mirroring_policy": "mirror_complete"
                }
            ],
            "last_event": {
                "user": "ruppej",
                "status": "successful",
                "description": null,
                "action": "promotion",
                "created_at": "2024-06-27 11:23:53 -0500",
                "updated_at": "2024-06-27 11:24:26 -0500",
                "environment": {
                    "id": 15,
                    "name": "infrastructure"
                },
                "task": null,
                "version": "11.0",
                "publish": false,
                "version_id": 99,
                "triggered_by": null,
                "triggered_by_id": null
            },
            "active_history": [],
            "ansible_collection_count": 0,
            "docker_manifest_count": 0,
            "docker_manifest_list_count": 0,
            "docker_tag_count": 0,
            "file_count": 0,
            "rpm_count": 55932,
            "modulemd_count": 817,
            "erratum_count": 5347,
            "package_group_count": 193,
            "srpm_count": 0,
            "module_stream_count": 817,
            "package_count": 55932,
            "component_view_count": 0,
            "ansible_collection_repository_count": 0,
            "docker_repository_count": 0,
            "file_repository_count": 0,
            "yum_repository_count": 5,
            "errata_counts": {
                "security": 1527,
                "bugfix": 3216,
                "enhancement": 604,
                "total": 5347
            },
            "permissions": {
                "deletable": true
            },
            "filters_applied": false
        }
    ]
}
